TEST_STATUS: FAILURE
DIFF_STATUS: SUCCESS
RETURNCODE: 3
TIMESTAMP: 2026-02-08T00:06:12.552566

=== PYTEST STDOUT ===
============================= test session starts =============================
platform win32 -- Python 3.14.2, pytest-9.0.2, pluggy-0.1.dev945+g0cf9e32a7.d20260207
benchmark: 5.2.3 (defaults: timer=time.perf_counter disable_gc=False min_rounds=5 min_time=0.000005 max_time=1.0 calibration_precision=10 warmup=False warmup_iterations=100000)
rootdir: C:\Users\ronal\pluggy_testing
configfile: tox.ini
testpaths: testing
plugins: anyio-4.12.1, hypothesis-6.148.8, benchmark-5.2.3, cov-7.0.0
collected 202 items

testing\test_coverage.py 
INTERNALERROR> Traceback (most recent call last):
INTERNALERROR>   File "C:\Users\ronal\AppData\Local\Programs\Python\Python314\Lib\site-packages\_pytest\main.py", line 318, in wrap_session
INTERNALERROR>     session.exitstatus = doit(config, session) or 0
INTERNALERROR>                          ~~~~^^^^^^^^^^^^^^^^^
INTERNALERROR>   File "C:\Users\ronal\AppData\Local\Programs\Python\Python314\Lib\site-packages\_pytest\main.py", line 372, in _main
INTERNALERROR>     config.hook.pytest_runtestloop(session=session)
INTERNALERROR>     ~~~~~~~~~~~~~~~~~~~~~~~~~~~~~~^^^^^^^^^^^^^^^^^
INTERNALERROR>   File "C:\Users\ronal\pluggy_testing\src\pluggy\_hooks.py", line 378, in __call__
INTERNALERROR>     return self._hookexec(self.name, self._hookimpls.copy(), kwargs, firstresult)
INTERNALERROR>            ~~~~~~~~~~~~~~^^^^^^^^^^^^^^^^^^^^^^^^^^^^^^^^^^^^^^^^^^^^^^^^^^^^^^^^
INTERNALERROR>   File "C:\Users\ronal\pluggy_testing\src\pluggy\_manager.py", line 85, in _hookexec
INTERNALERROR>     return self._inner_hookexec(hook_name, methods, kwargs, firstresult)
INTERNALERROR>            ~~~~~~~~~~~~~~~~~~~~^^^^^^^^^^^^^^^^^^^^^^^^^^^^^^^^^^^^^^^^^
INTERNALERROR>   File "C:\Users\ronal\pluggy_testing\src\pluggy\_callers.py", line 163, in _multicall
INTERNALERROR>     raise exception
INTERNALERROR>   File "C:\Users\ronal\pluggy_testing\src\pluggy\_callers.py", line 140, in _multicall
INTERNALERROR>     teardown.throw(exception)
INTERNALERROR>     ~~~~~~~~~~~~~~^^^^^^^^^^^
INTERNALERROR>   File "C:\Users\ronal\AppData\Local\Programs\Python\Python314\Lib\site-packages\_pytest\logging.py", line 801, in pytest_runtestloop
INTERNALERROR>     return (yield)  # Run all the tests.
INTERNALERROR>             ^^^^^
INTERNALERROR>   File "C:\Users\ronal\pluggy_testing\src\pluggy\_callers.py", line 140, in _multicall
INTERNALERROR>     teardown.throw(exception)
INTERNALERROR>     ~~~~~~~~~~~~~~^^^^^^^^^^^
INTERNALERROR>   File "C:\Users\ronal\AppData\Local\Programs\Python\Python314\Lib\site-packages\_pytest\terminal.py", line 707, in pytest_runtestloop
INTERNALERROR>     result = yield
INTERNALERROR>              ^^^^^
INTERNALERROR>   File "C:\Users\ronal\pluggy_testing\src\pluggy\_callers.py", line 140, in _multicall
INTERNALERROR>     teardown.throw(exception)
INTERNALERROR>     ~~~~~~~~~~~~~~^^^^^^^^^^^
INTERNALERROR>   File "C:\Users\ronal\AppData\Local\Programs\Python\Python314\Lib\site-packages\pytest_cov\plugin.py", line 345, in pytest_runtestloop
INTERNALERROR>     result = yield
INTERNALERROR>              ^^^^^
INTERNALERROR>   File "C:\Users\ronal\pluggy_testing\src\pluggy\_callers.py", line 119, in _multicall
INTERNALERROR>     result = strategy(hook_impl, hook_name, args)
INTERNALERROR>   File "C:\Users\ronal\pluggy_testing\src\pluggy\_callers.py", line 36, in _strategy_regular
INTERNALERROR>     return hook_impl.function(*args)
INTERNALERROR>            ~~~~~~~~~~~~~~~~~~^^^^^^^
INTERNALERROR>   File "C:\Users\ronal\AppData\Local\Programs\Python\Python314\Lib\site-packages\_pytest\main.py", line 396, in pytest_runtestloop
INTERNALERROR>     item.config.hook.pytest_runtest_protocol(item=item, nextitem=nextitem)
INTERNALERROR>     ~~~~~~~~~~~~~~~~~~~~~~~~~~~~~~~~~~~~~~~~^^^^^^^^^^^^^^^^^^^^^^^^^^^^^^
INTERNALERROR>   File "C:\Users\ronal\pluggy_testing\src\pluggy\_hooks.py", line 378, in __call__
INTERNALERROR>     return self._hookexec(self.name, self._hookimpls.copy(), kwargs, firstresult)
INTERNALERROR>            ~~~~~~~~~~~~~~^^^^^^^^^^^^^^^^^^^^^^^^^^^^^^^^^^^^^^^^^^^^^^^^^^^^^^^^
INTERNALERROR>   File "C:\Users\ronal\pluggy_testing\src\pluggy\_manager.py", line 85, in _hookexec
INTERNALERROR>     return self._inner_hookexec(hook_name, methods, kwargs, firstresult)
INTERNALERROR>            ~~~~~~~~~~~~~~~~~~~~^^^^^^^^^^^^^^^^^^^^^^^^^^^^^^^^^^^^^^^^^
INTERNALERROR>   File "C:\Users\ronal\pluggy_testing\src\pluggy\_callers.py", line 163, in _multicall
INTERNALERROR>     raise exception
INTERNALERROR>   File "C:\Users\ronal\pluggy_testing\src\pluggy\_callers.py", line 140, in _multicall
INTERNALERROR>     teardown.throw(exception)
INTERNALERROR>     ~~~~~~~~~~~~~~^^^^^^^^^^^
INTERNALERROR>   File "C:\Users\ronal\AppData\Local\Programs\Python\Python314\Lib\site-packages\_pytest\warnings.py", line 89, in pytest_runtest_protocol
INTERNALERROR>     return (yield)
INTERNALERROR>             ^^^^^
INTERNALERROR>   File "C:\Users\ronal\pluggy_testing\src\pluggy\_callers.py", line 140, in _multicall
INTERNALERROR>     teardown.throw(exception)
INTERNALERROR>     ~~~~~~~~~~~~~~^^^^^^^^^^^
INTERNALERROR>   File "C:\Users\ronal\AppData\Local\Programs\Python\Python314\Lib\site-packages\_pytest\assertion\__init__.py", line 192, in pytest_runtest_protocol
INTERNALERROR>     return (yield)
INTERNALERROR>             ^^^^^
INTERNALERROR>   File "C:\Users\ronal\pluggy_testing\src\pluggy\_callers.py", line 140, in _multicall
INTERNALERROR>     teardown.throw(exception)
INTERNALERROR>     ~~~~~~~~~~~~~~^^^^^^^^^^^
INTERNALERROR>   File "C:\Users\ronal\AppData\Local\Programs\Python\Python314\Lib\site-packages\_pytest\unittest.py", line 587, in pytest_runtest_protocol
INTERNALERROR>     return (yield)
INTERNALERROR>             ^^^^^
INTERNALERROR>   File "C:\Users\ronal\pluggy_testing\src\pluggy\_callers.py", line 140, in _multicall
INTERNALERROR>     teardown.throw(exception)
INTERNALERROR>     ~~~~~~~~~~~~~~^^^^^^^^^^^
INTERNALERROR>   File "C:\Users\ronal\AppData\Local\Programs\Python\Python314\Lib\site-packages\_pytest\faulthandler.py", line 102, in pytest_runtest_protocol
INTERNALERROR>     return (yield)
INTERNALERROR>             ^^^^^
INTERNALERROR>   File "C:\Users\ronal\pluggy_testing\src\pluggy\_callers.py", line 119, in _multicall
INTERNALERROR>     result = strategy(hook_impl, hook_name, args)
INTERNALERROR>   File "C:\Users\ronal\pluggy_testing\src\pluggy\_callers.py", line 36, in _strategy_regular
INTERNALERROR>     return hook_impl.function(*args)
INTERNALERROR>            ~~~~~~~~~~~~~~~~~~^^^^^^^
INTERNALERROR>   File "C:\Users\ronal\AppData\Local\Programs\Python\Python314\Lib\site-packages\_pytest\runner.py", line 118, in pytest_runtest_protocol
INTERNALERROR>     runtestprotocol(item, nextitem=nextitem)
INTERNALERROR>     ~~~~~~~~~~~~~~~^^^^^^^^^^^^^^^^^^^^^^^^^
INTERNALERROR>   File "C:\Users\ronal\AppData\Local\Programs\Python\Python314\Lib\site-packages\_pytest\runner.py", line 131, in runtestprotocol
INTERNALERROR>     rep = call_and_report(item, "setup", log)
INTERNALERROR>   File "C:\Users\ronal\AppData\Local\Programs\Python\Python314\Lib\site-packages\_pytest\runner.py", line 249, in call_and_report
INTERNALERROR>     report: TestReport = ihook.pytest_runtest_makereport(item=item, call=call)
INTERNALERROR>                          ~~~~~~~~~~~~~~~~~~~~~~~~~~~~~~~^^^^^^^^^^^^^^^^^^^^^^
INTERNALERROR>   File "C:\Users\ronal\pluggy_testing\src\pluggy\_hooks.py", line 378, in __call__
INTERNALERROR>     return self._hookexec(self.name, self._hookimpls.copy(), kwargs, firstresult)
INTERNALERROR>            ~~~~~~~~~~~~~~^^^^^^^^^^^^^^^^^^^^^^^^^^^^^^^^^^^^^^^^^^^^^^^^^^^^^^^^
INTERNALERROR>   File "C:\Users\ronal\pluggy_testing\src\pluggy\_manager.py", line 85, in _hookexec
INTERNALERROR>     return self._inner_hookexec(hook_name, methods, kwargs, firstresult)
INTERNALERROR>            ~~~~~~~~~~~~~~~~~~~~^^^^^^^^^^^^^^^^^^^^^^^^^^^^^^^^^^^^^^^^^
INTERNALERROR>   File "C:\Users\ronal\pluggy_testing\src\pluggy\_callers.py", line 163, in _multicall
INTERNALERROR>     raise exception
INTERNALERROR>   File "C:\Users\ronal\pluggy_testing\src\pluggy\_callers.py", line 140, in _multicall
INTERNALERROR>     teardown.throw(exception)
INTERNALERROR>     ~~~~~~~~~~~~~~^^^^^^^^^^^
INTERNALERROR>   File "C:\Users\ronal\AppData\Local\Programs\Python\Python314\Lib\site-packages\_pytest\tmpdir.py", line 311, in pytest_runtest_makereport
INTERNALERROR>     rep = yield
INTERNALERROR>           ^^^^^
INTERNALERROR>   File "C:\Users\ronal\pluggy_testing\src\pluggy\_callers.py", line 140, in _multicall
INTERNALERROR>     teardown.throw(exception)
INTERNALERROR>     ~~~~~~~~~~~~~~^^^^^^^^^^^
INTERNALERROR>   File "C:\Users\ronal\AppData\Local\Programs\Python\Python314\Lib\site-packages\pytest_benchmark\plugin.py", line 516, in pytest_runtest_makereport
INTERNALERROR>     outcome = yield
INTERNALERROR>               ^^^^^
INTERNALERROR>   File "C:\Users\ronal\pluggy_testing\src\pluggy\_callers.py", line 151, in _multicall
INTERNALERROR>     teardown.send(result)
INTERNALERROR>     ~~~~~~~~~~~~~^^^^^^^^
INTERNALERROR>   File "C:\Users\ronal\AppData\Local\Programs\Python\Python314\Lib\site-packages\_hypothesis_pytestplugin.py", line 337, in pytest_runtest_makereport
INTERNALERROR>     report = (yield).get_result()
INTERNALERROR>              ^^^^^^^^^^^^^^^^^^
INTERNALERROR> AttributeError: 'TestReport' object has no attribute 'get_result'

============================ no tests ran in 0.27s ============================


=== PYTEST STDERR ===

